\BOOKMARK [1][-]{section.1}{Introduction}{}% 1
\BOOKMARK [1][-]{section.2}{Visible Light Communication}{}% 2
\BOOKMARK [2][-]{subsection.2.1}{Related work and technology description}{section.2}% 3
\BOOKMARK [2][-]{subsection.2.2}{Standard and specifications}{section.2}% 4
\BOOKMARK [1][-]{section.3}{System Overview}{}% 5
\BOOKMARK [2][-]{subsection.3.1}{Experimental setup}{section.3}% 6
\BOOKMARK [3][-]{subsubsection.3.1.1}{Transmitter}{subsection.3.1}% 7
\BOOKMARK [3][-]{subsubsection.3.1.2}{Receiver}{subsection.3.1}% 8
\BOOKMARK [3][-]{subsubsection.3.1.3}{List of components}{subsection.3.1}% 9
\BOOKMARK [1][-]{section.4}{Physical layer}{}% 10
\BOOKMARK [2][-]{subsection.4.1}{Results}{section.4}% 11
\BOOKMARK [1][-]{section.5}{Control layer}{}% 12
\BOOKMARK [2][-]{subsection.5.1}{Results}{section.5}% 13
\BOOKMARK [1][-]{section.6}{Logical layer}{}% 14
\BOOKMARK [2][-]{subsection.6.1}{Reading the signal}{section.6}% 15
\BOOKMARK [2][-]{subsection.6.2}{Protocol}{section.6}% 16
\BOOKMARK [3][-]{subsubsection.6.2.1}{Additional fields}{subsection.6.2}% 17
\BOOKMARK [2][-]{subsection.6.3}{Results}{section.6}% 18
\BOOKMARK [1][-]{section.7}{Results}{}% 19
\BOOKMARK [1][-]{section.8}{Discussion}{}% 20
\BOOKMARK [1][-]{section.9}{Conclusion}{}% 21
