\BOOKMARK [1][-]{section.1}{Introduction}{}% 1
\BOOKMARK [1][-]{section.2}{Visible Light Communication}{}% 2
\BOOKMARK [2][-]{subsection.2.1}{Related work and technology description}{section.2}% 3
\BOOKMARK [2][-]{subsection.2.2}{Standard and specifications}{section.2}% 4
\BOOKMARK [1][-]{section.3}{System Overview}{}% 5
\BOOKMARK [2][-]{subsection.3.1}{Experimental setup}{section.3}% 6
\BOOKMARK [3][-]{subsubsection.3.1.1}{Transmitter}{subsection.3.1}% 7
\BOOKMARK [3][-]{subsubsection.3.1.2}{Receiver}{subsection.3.1}% 8
\BOOKMARK [3][-]{subsubsection.3.1.3}{List of components}{subsection.3.1}% 9
\BOOKMARK [3][-]{subsubsection.3.1.4}{Wiring}{subsection.3.1}% 10
\BOOKMARK [1][-]{section.4}{Physical layer}{}% 11
\BOOKMARK [2][-]{subsection.4.1}{Warmup time}{section.4}% 12
\BOOKMARK [2][-]{subsection.4.2}{Ambient light interference}{section.4}% 13
\BOOKMARK [2][-]{subsection.4.3}{Distance}{section.4}% 14
\BOOKMARK [2][-]{subsection.4.4}{Angle}{section.4}% 15
\BOOKMARK [2][-]{subsection.4.5}{Power source}{section.4}% 16
\BOOKMARK [1][-]{section.5}{Control layer}{}% 17
\BOOKMARK [2][-]{subsection.5.1}{Serial connection to a terminal}{section.5}% 18
\BOOKMARK [2][-]{subsection.5.2}{Reception rates}{section.5}% 19
\BOOKMARK [2][-]{subsection.5.3}{Transmission rates}{section.5}% 20
\BOOKMARK [2][-]{subsection.5.4}{Experiments and Results}{section.5}% 21
\BOOKMARK [1][-]{section.6}{Logical layer}{}% 22
\BOOKMARK [2][-]{subsection.6.1}{Reading the signal}{section.6}% 23
\BOOKMARK [2][-]{subsection.6.2}{Protocol}{section.6}% 24
\BOOKMARK [3][-]{subsubsection.6.2.1}{Additional fields}{subsection.6.2}% 25
\BOOKMARK [2][-]{subsection.6.3}{Results}{section.6}% 26
\BOOKMARK [1][-]{section.7}{Evaluation and Results}{}% 27
\BOOKMARK [2][-]{subsection.7.1}{Experimental setup}{section.7}% 28
\BOOKMARK [2][-]{subsection.7.2}{Experiments}{section.7}% 29
\BOOKMARK [2][-]{subsection.7.3}{Performance}{section.7}% 30
\BOOKMARK [2][-]{subsection.7.4}{Discussion}{section.7}% 31
\BOOKMARK [1][-]{section.8}{Discussion}{}% 32
\BOOKMARK [1][-]{section.9}{Conclusion}{}% 33
